2024-11-04T19:11:17.056099+0300 DEBUG 12_Create_Vector_Db_Confluence............
2024-11-04T19:11:17.243522+0300 DEBUG 10000
2024-11-04T19:11:17.243522+0300 DEBUG 10000
2024-11-04T19:11:17.243522+0300 DEBUG split_documents............
2024-11-04T19:11:17.633961+0300 DEBUG <class 'list'>
2024-11-04T19:11:17.633961+0300 DEBUG 10000
2024-11-04T19:11:17.633961+0300 DEBUG {'title': 'Moon Flight System Documentation', 'id': '282083998', 'source': 'https://moonflightsystem.com/docs/282083998'}
2024-11-04T19:11:17.633961+0300 DEBUG split_documents elapsed_time = 0.3904385566711426 sec
2024-11-04T19:11:17.633961+0300 DEBUG create_db............
2024-11-04T19:13:05.353091+0300 DEBUG 12_Create_Vector_Db_Confluence............
2024-11-04T19:13:05.368722+0300 DEBUG 100
2024-11-04T19:13:05.368722+0300 DEBUG 100
2024-11-04T19:13:05.368722+0300 DEBUG split_documents............
2024-11-04T19:13:05.368722+0300 DEBUG <class 'list'>
2024-11-04T19:13:05.368722+0300 DEBUG 100
2024-11-04T19:13:05.368722+0300 DEBUG {'title': 'Release Notes', 'id': '282083998', 'source': 'https://moonflightsystem.com/docs/282083998'}
2024-11-04T19:13:05.368722+0300 DEBUG split_documents elapsed_time = 0.0 sec
2024-11-04T19:13:05.368722+0300 DEBUG create_db............
2024-11-04T19:13:22.665126+0300 DEBUG create_db elapsed_time = 17.296403884887695 sec
2024-11-28T17:32:19.893112+0300 DEBUG 12_Create_Vector_Db_Confluence............
2024-11-28T17:32:19.893112+0300 DEBUG 100
2024-11-28T17:32:19.893112+0300 DEBUG 100
2024-11-28T17:32:19.893112+0300 DEBUG split_documents............
2024-11-28T17:32:19.908877+0300 DEBUG <class 'list'>
2024-11-28T17:32:19.908877+0300 DEBUG 100
2024-11-28T17:32:19.908877+0300 DEBUG {'title': 'System Architecture', 'id': '282083998', 'source': 'https://moonflightsystem.com/docs/282083998'}
2024-11-28T17:32:19.908877+0300 DEBUG split_documents elapsed_time = 0.015764951705932617 sec
2024-11-28T17:32:19.908877+0300 DEBUG create_db............
2024-11-28T17:32:41.143352+0300 DEBUG create_db elapsed_time = 21.234474658966064 sec
